This file contains any messages produced by compilers while
running configure, to aid debugging if configure makes a mistake.

It was created by NHMG configure 0.2.2, which was
generated by GNU Autoconf 2.69.  Invocation command line was

  $ ./configure --prefix=/home/nmolem/CROCO-NH --enable-netcdf --enable-mpicroco MPI_F90=mpif90 MPI_INC=-I/opt/mpich-3.2/include MPI_LIB=-L/opt/mpich-3.2/lib -lmpich

## --------- ##
## Platform. ##
## --------- ##

hostname = maya.hosted.ats.ucla.edu
uname -m = x86_64
uname -r = 4.14.13-server-1.mga6
uname -s = Linux
uname -v = #1 SMP Wed Jan 10 13:09:26 UTC 2018

/usr/bin/uname -p = x86_64
/bin/uname -X     = unknown

/bin/arch              = x86_64
/usr/bin/arch -k       = unknown
/usr/convex/getsysinfo = unknown
/usr/bin/hostinfo      = unknown
/bin/machine           = unknown
/usr/bin/oslevel       = unknown
/bin/universe          = unknown

PATH: .
PATH: /home/nmolem/bin
PATH: /opt/ncarg-6.0.0/bin
PATH: /opt/mpich-3.1.3/bin
PATH: /home/intel/composer_xe_2013_sp1.1.106/bin/intel64
PATH: /usr/local/bin
PATH: /usr/bin
PATH: /bin


## ----------- ##
## Core tests. ##
## ----------- ##

configure:2307: checking for a BSD-compatible install
configure:2375: result: /usr/bin/install -c
configure:2386: checking whether build environment is sane
configure:2441: result: yes
configure:2592: checking for a thread-safe mkdir -p
configure:2631: result: /usr/bin/mkdir -p
configure:2638: checking for gawk
configure:2654: found /usr/bin/gawk
configure:2665: result: gawk
configure:2676: checking whether make sets $(MAKE)
configure:2698: result: yes
configure:2727: checking whether make supports nested variables
configure:2744: result: yes
configure:2875: checking build system type
configure:2889: result: x86_64-unknown-linux-gnu
configure:2909: checking host system type
configure:2922: result: x86_64-unknown-linux-gnu
configure:2947: setting up libtool
configure:2996: checking how to print strings
configure:3023: result: printf
configure:3056: checking for style of include used by make
configure:3084: result: GNU
configure:3155: checking for gcc
configure:3171: found /usr/bin/gcc
configure:3182: result: gcc
configure:3411: checking for C compiler version
configure:3420: gcc --version >&5
gcc (Mageia 5.4.0-5.mga6) 5.4.0
Copyright (C) 2015 Free Software Foundation, Inc.
This is free software; see the source for copying conditions.  There is NO
warranty; not even for MERCHANTABILITY or FITNESS FOR A PARTICULAR PURPOSE.

configure:3431: $? = 0
configure:3420: gcc -v >&5
Using built-in specs.
COLLECT_GCC=gcc
COLLECT_LTO_WRAPPER=/usr/lib/gcc/x86_64-mageia-linux-gnu/5.4.0/lto-wrapper
Target: x86_64-mageia-linux-gnu
Configured with: ../configure --prefix=/usr --libexecdir=/usr/lib --with-slibdir=/lib64 --with-pkgversion='Mageia 5.4.0-5.mga6' --with-bugurl=https://bugs.mageia.org/ --mandir=/usr/share/man --infodir=/usr/share/info --enable-checking=release --enable-languages=c,c++,ada,fortran,objc,obj-c++,java --enable-linker-build-id --build=x86_64-mageia-linux-gnu --host=x86_64-mageia-linux-gnu --with-cpu=generic --with-system-zlib --enable-threads=posix --enable-shared --enable-objc-gc --enable-long-long --enable-__cxa_atexit --disable-libunwind-exceptions --enable-clocale=gnu --enable-java-awt=gtk --with-java-home=/usr/lib/jvm/java-1.5.0-gcj-1.5.0.0/jre --with-ecj-jar=/usr/share/java/eclipse-ecj.jar --enable-gtk-cairo --disable-libjava-multilib --enable-ssp --disable-libssp --disable-werror --with-isl --with-python-dir=/lib/python2.7/site-packages --enable-lto
Thread model: posix
gcc version 5.4.0 (Mageia 5.4.0-5.mga6) 
configure:3431: $? = 0
configure:3420: gcc -V >&5
gcc: error: unrecognized command line option '-V'
gcc: fatal error: no input files
compilation terminated.
configure:3431: $? = 1
configure:3420: gcc -qversion >&5
gcc: error: unrecognized command line option '-qversion'
gcc: fatal error: no input files
compilation terminated.
configure:3431: $? = 1
configure:3451: checking whether the C compiler works
configure:3473: gcc    conftest.c  >&5
configure:3477: $? = 0
configure:3525: result: yes
configure:3528: checking for C compiler default output file name
configure:3530: result: a.out
configure:3536: checking for suffix of executables
configure:3543: gcc -o conftest    conftest.c  >&5
configure:3547: $? = 0
configure:3569: result: 
configure:3591: checking whether we are cross compiling
configure:3599: gcc -o conftest    conftest.c  >&5
configure:3603: $? = 0
configure:3610: ./conftest
configure:3614: $? = 0
configure:3629: result: no
configure:3634: checking for suffix of object files
configure:3656: gcc -c   conftest.c >&5
configure:3660: $? = 0
configure:3681: result: o
configure:3685: checking whether we are using the GNU C compiler
configure:3704: gcc -c   conftest.c >&5
configure:3704: $? = 0
configure:3713: result: yes
configure:3722: checking whether gcc accepts -g
configure:3742: gcc -c -g  conftest.c >&5
configure:3742: $? = 0
configure:3783: result: yes
configure:3800: checking for gcc option to accept ISO C89
configure:3863: gcc  -c -g -O2  conftest.c >&5
configure:3863: $? = 0
configure:3876: result: none needed
configure:3901: checking whether gcc understands -c and -o together
configure:3923: gcc -c conftest.c -o conftest2.o
configure:3926: $? = 0
configure:3923: gcc -c conftest.c -o conftest2.o
configure:3926: $? = 0
configure:3938: result: yes
configure:3957: checking dependency style of gcc
configure:4068: result: none
configure:4083: checking for a sed that does not truncate output
configure:4147: result: /usr/bin/sed
configure:4165: checking for grep that handles long lines and -e
configure:4223: result: /usr/bin/grep
configure:4228: checking for egrep
configure:4290: result: /usr/bin/grep -E
configure:4295: checking for fgrep
configure:4357: result: /usr/bin/grep -F
configure:4392: checking for ld used by gcc
configure:4459: result: /usr/bin/ld
configure:4466: checking if the linker (/usr/bin/ld) is GNU ld
configure:4481: result: yes
configure:4493: checking for BSD- or MS-compatible name lister (nm)
configure:4542: result: /usr/bin/nm -B
configure:4672: checking the name lister (/usr/bin/nm -B) interface
configure:4679: gcc -c -g -O2  conftest.c >&5
configure:4682: /usr/bin/nm -B "conftest.o"
configure:4685: output
0000000000000000 B some_variable
configure:4692: result: BSD nm
configure:4695: checking whether ln -s works
configure:4699: result: yes
configure:4707: checking the maximum length of command line arguments
configure:4838: result: 3458764513820540925
configure:4855: checking whether the shell understands some XSI constructs
configure:4865: result: yes
configure:4869: checking whether the shell understands "+="
configure:4875: result: yes
configure:4910: checking how to convert x86_64-unknown-linux-gnu file names to x86_64-unknown-linux-gnu format
configure:4950: result: func_convert_file_noop
configure:4957: checking how to convert x86_64-unknown-linux-gnu file names to toolchain format
configure:4977: result: func_convert_file_noop
configure:4984: checking for /usr/bin/ld option to reload object files
configure:4991: result: -r
configure:5065: checking for objdump
configure:5081: found /usr/bin/objdump
configure:5092: result: objdump
configure:5124: checking how to recognize dependent libraries
configure:5322: result: pass_all
configure:5407: checking for dlltool
configure:5437: result: no
configure:5467: checking how to associate runtime and link libraries
configure:5494: result: printf %s\n
configure:5555: checking for ar
configure:5571: found /usr/bin/ar
configure:5582: result: ar
configure:5619: checking for archiver @FILE support
configure:5636: gcc -c -g -O2  conftest.c >&5
configure:5636: $? = 0
configure:5639: ar cru libconftest.a @conftest.lst >&5
configure:5642: $? = 0
configure:5647: ar cru libconftest.a @conftest.lst >&5
ar: conftest.o: No such file or directory
configure:5650: $? = 1
configure:5662: result: @
configure:5720: checking for strip
configure:5736: found /usr/bin/strip
configure:5747: result: strip
configure:5819: checking for ranlib
configure:5835: found /usr/bin/ranlib
configure:5846: result: ranlib
configure:5948: checking command to parse /usr/bin/nm -B output from gcc object
configure:6068: gcc -c -g -O2  conftest.c >&5
configure:6071: $? = 0
configure:6075: /usr/bin/nm -B conftest.o \| sed -n -e 's/^.*[ ]\([ABCDGIRSTW][ABCDGIRSTW]*\)[ ][ ]*\([_A-Za-z][_A-Za-z0-9]*\)$/\1 \2 \2/p' | sed '/ __gnu_lto/d' \> conftest.nm
configure:6078: $? = 0
configure:6144: gcc -o conftest -g -O2   conftest.c conftstm.o >&5
configure:6147: $? = 0
configure:6185: result: ok
configure:6222: checking for sysroot
configure:6252: result: no
configure:6329: gcc -c -g -O2  conftest.c >&5
configure:6332: $? = 0
configure:6521: checking for mt
configure:6551: result: no
configure:6571: checking if : is a manifest tool
configure:6577: : '-?'
configure:6585: result: no
configure:7227: checking how to run the C preprocessor
configure:7258: gcc -E  conftest.c
configure:7258: $? = 0
configure:7272: gcc -E  conftest.c
conftest.c:11:28: fatal error: ac_nonexistent.h: No such file or directory
compilation terminated.
configure:7272: $? = 1
configure: failed program was:
| /* confdefs.h */
| #define PACKAGE_NAME "NHMG"
| #define PACKAGE_TARNAME "NHMG"
| #define PACKAGE_VERSION "0.2.2"
| #define PACKAGE_STRING "NHMG 0.2.2"
| #define PACKAGE_BUGREPORT "nmolem@atmos.ucla.edu, Guillaume.Roullet@univ-brest.fr, Nicolas.Ducousso@univ-brest.fr, Nicolas.Grima@univ-brest.fr "
| #define PACKAGE_URL "https://github.com/ngrigri/NHMG"
| #define PACKAGE "NHMG"
| #define VERSION "0.2.2"
| /* end confdefs.h.  */
| #include <ac_nonexistent.h>
configure:7297: result: gcc -E
configure:7317: gcc -E  conftest.c
configure:7317: $? = 0
configure:7331: gcc -E  conftest.c
conftest.c:11:28: fatal error: ac_nonexistent.h: No such file or directory
compilation terminated.
configure:7331: $? = 1
configure: failed program was:
| /* confdefs.h */
| #define PACKAGE_NAME "NHMG"
| #define PACKAGE_TARNAME "NHMG"
| #define PACKAGE_VERSION "0.2.2"
| #define PACKAGE_STRING "NHMG 0.2.2"
| #define PACKAGE_BUGREPORT "nmolem@atmos.ucla.edu, Guillaume.Roullet@univ-brest.fr, Nicolas.Ducousso@univ-brest.fr, Nicolas.Grima@univ-brest.fr "
| #define PACKAGE_URL "https://github.com/ngrigri/NHMG"
| #define PACKAGE "NHMG"
| #define VERSION "0.2.2"
| /* end confdefs.h.  */
| #include <ac_nonexistent.h>
configure:7360: checking for ANSI C header files
configure:7380: gcc -c -g -O2  conftest.c >&5
configure:7380: $? = 0
configure:7453: gcc -o conftest -g -O2   conftest.c  >&5
configure:7453: $? = 0
configure:7453: ./conftest
configure:7453: $? = 0
configure:7464: result: yes
configure:7477: checking for sys/types.h
configure:7477: gcc -c -g -O2  conftest.c >&5
configure:7477: $? = 0
configure:7477: result: yes
configure:7477: checking for sys/stat.h
configure:7477: gcc -c -g -O2  conftest.c >&5
configure:7477: $? = 0
configure:7477: result: yes
configure:7477: checking for stdlib.h
configure:7477: gcc -c -g -O2  conftest.c >&5
configure:7477: $? = 0
configure:7477: result: yes
configure:7477: checking for string.h
configure:7477: gcc -c -g -O2  conftest.c >&5
configure:7477: $? = 0
configure:7477: result: yes
configure:7477: checking for memory.h
configure:7477: gcc -c -g -O2  conftest.c >&5
configure:7477: $? = 0
configure:7477: result: yes
configure:7477: checking for strings.h
configure:7477: gcc -c -g -O2  conftest.c >&5
configure:7477: $? = 0
configure:7477: result: yes
configure:7477: checking for inttypes.h
configure:7477: gcc -c -g -O2  conftest.c >&5
configure:7477: $? = 0
configure:7477: result: yes
configure:7477: checking for stdint.h
configure:7477: gcc -c -g -O2  conftest.c >&5
configure:7477: $? = 0
configure:7477: result: yes
configure:7477: checking for unistd.h
configure:7477: gcc -c -g -O2  conftest.c >&5
configure:7477: $? = 0
configure:7477: result: yes
configure:7491: checking for dlfcn.h
configure:7491: gcc -c -g -O2  conftest.c >&5
configure:7491: $? = 0
configure:7491: result: yes
configure:7697: checking for objdir
configure:7712: result: .libs
configure:7983: checking if gcc supports -fno-rtti -fno-exceptions
configure:8001: gcc -c -g -O2  -fno-rtti -fno-exceptions conftest.c >&5
cc1: warning: command line option '-fno-rtti' is valid for C++/ObjC++ but not for C
configure:8005: $? = 0
configure:8018: result: no
configure:8345: checking for gcc option to produce PIC
configure:8352: result: -fPIC -DPIC
configure:8360: checking if gcc PIC flag -fPIC -DPIC works
configure:8378: gcc -c -g -O2  -fPIC -DPIC -DPIC conftest.c >&5
configure:8382: $? = 0
configure:8395: result: yes
configure:8424: checking if gcc static flag -static works
configure:8452: result: no
configure:8467: checking if gcc supports -c -o file.o
configure:8488: gcc -c -g -O2  -o out/conftest2.o conftest.c >&5
configure:8492: $? = 0
configure:8514: result: yes
configure:8522: checking if gcc supports -c -o file.o
configure:8569: result: yes
configure:8602: checking whether the gcc linker (/usr/bin/ld -m elf_x86_64) supports shared libraries
configure:9759: result: yes
configure:9796: checking whether -lc should be explicitly linked in
configure:9804: gcc -c -g -O2  conftest.c >&5
configure:9807: $? = 0
configure:9822: gcc -shared  -fPIC -DPIC conftest.o  -v -Wl,-soname -Wl,conftest -o conftest 2\>\&1 \| /usr/bin/grep  -lc  \>/dev/null 2\>\&1
configure:9825: $? = 0
configure:9839: result: no
configure:9999: checking dynamic linker characteristics
configure:10499: gcc -o conftest -g -O2   -Wl,-rpath -Wl,/foo conftest.c  >&5
configure:10499: $? = 0
configure:10733: result: GNU/Linux ld.so
configure:10840: checking how to hardcode library paths into programs
configure:10865: result: immediate
configure:11405: checking whether stripping libraries is possible
configure:11410: result: yes
configure:11445: checking if libtool supports shared libraries
configure:11447: result: yes
configure:11450: checking whether to build shared libraries
configure:11471: result: yes
configure:11474: checking whether to build static libraries
configure:11478: result: yes
configure:11752: checking for ifort
configure:11768: found /home/intel/composer_xe_2013_sp1.1.106/bin/intel64/ifort
configure:11779: result: ifort
configure:11805: checking for Fortran compiler version
configure:11814: ifort --version >&5
ifort (IFORT) 14.0.1 20131008
Copyright (C) 1985-2013 Intel Corporation.  All rights reserved.

configure:11825: $? = 0
configure:11814: ifort -v >&5
ifort version 14.0.1
configure:11825: $? = 0
configure:11814: ifort -V >&5
Intel(R) Fortran Intel(R) 64 Compiler XE for applications running on Intel(R) 64, Version 14.0.1.106 Build 20131008
Copyright (C) 1985-2013 Intel Corporation.  All rights reserved.
FOR NON-COMMERCIAL USE ONLY

configure:11825: $? = 0
configure:11814: ifort -qversion >&5
ifort: command line warning #10006: ignoring unknown option '-qversion'
ifort: command line error: no files specified; for help type "ifort -help"
configure:11825: $? = 1
configure:11834: checking whether we are using the GNU Fortran compiler
configure:11847: ifort -c   conftest.F >&5
conftest.F(3): error #5082: Syntax error, found END-OF-STATEMENT when expecting one of: ( % [ : . = =>
       choke me
---------------^
conftest.F(3): error #6218: This statement is positioned incorrectly and/or has syntax errors.
       choke me
---------------^
compilation aborted for conftest.F (code 1)
configure:11847: $? = 1
configure: failed program was:
|       program main
| #ifndef __GNUC__
|        choke me
| #endif
| 
|       end
configure:11856: result: no
configure:11862: checking whether ifort accepts -g
configure:11873: ifort -c -g  conftest.f >&5
configure:11873: $? = 0
configure:11881: result: yes
configure:12029: checking if libtool supports shared libraries
configure:12031: result: yes
configure:12034: checking whether to build shared libraries
configure:12054: result: yes
configure:12057: checking whether to build static libraries
configure:12061: result: yes
configure:12095: ifort -c -g  conftest.f >&5
configure:12098: $? = 0
configure:12545: checking for ifort option to produce PIC
configure:12552: result: -fPIC
configure:12560: checking if ifort PIC flag -fPIC works
configure:12578: ifort -c -g -fPIC  conftest.f >&5
configure:12582: $? = 0
configure:12595: result: yes
configure:12618: checking if ifort static flag -static works
configure:12646: result: no
configure:12658: checking if ifort supports -c -o file.o
configure:12679: ifort -c -g -o out/conftest2.o  conftest.f >&5
configure:12683: $? = 0
configure:12705: result: yes
configure:12710: checking if ifort supports -c -o file.o
configure:12757: result: yes
configure:12787: checking whether the ifort linker (/usr/bin/ld -m elf_x86_64) supports shared libraries
configure:13894: result: yes
configure:14035: checking dynamic linker characteristics
configure:14697: result: GNU/Linux ld.so
configure:14750: checking how to hardcode library paths into programs
configure:14775: result: immediate
configure:14955: ifort -> NORMAL MODE
configure:15123:       -> MPI PARALLELISATION IS SELECTED (CROCO)
configure:15126:       -> mpif90
configure:15181: checking for Fortran compiler can handle Fortran-90 code
configure:15190: mpif90 -g -O2 -xHost -I/opt/mpich-3.2/include  conftest.f90 >&5
configure:15193: $? = 0
configure:15200: result: yes
configure:15220: $'nf-config --version'
configure:15223: $? = 0
configure:15225: Submit nf-config --fflags and nf-config --flibs
configure:15249: NetCDF module: -I/opt/netcdf-4.4.1/include
configure:15255: NetCDF library: -L/opt/netcdf-4.4.1/lib -lnetcdff -lnetcdf -lnetcdf
configure:15282: checking for Fortran-90 program linked with NetCDF library
configure:15292: mpif90 -g -O2 -xHost -I/opt/mpich-3.2/include -I/opt/netcdf-4.4.1/include  conftest.f90  -L/opt/netcdf-4.4.1/lib -lnetcdff -lnetcdf -lnetcdf
configure:15295: $? = 0
configure:15302: result: yes
configure:15357: generating makefiles
configure:15507: checking that generated files are newer than configure
configure:15513: result: done
configure:15544: creating ./config.status

## ---------------------- ##
## Running config.status. ##
## ---------------------- ##

This file was extended by NHMG config.status 0.2.2, which was
generated by GNU Autoconf 2.69.  Invocation command line was

  CONFIG_FILES    = 
  CONFIG_HEADERS  = 
  CONFIG_LINKS    = 
  CONFIG_COMMANDS = 
  $ ./config.status 

on maya.hosted.ats.ucla.edu

config.status:1082: creating Makefile
config.status:1082: creating src/Makefile
config.status:1082: creating tests/Makefile
config.status:1082: creating doc/Makefile
config.status:1082: creating examples/Makefile
config.status:1082: creating examples/matlab/Makefile
config.status:1254: executing depfiles commands
config.status:1254: executing libtool commands

## ---------------- ##
## Cache variables. ##
## ---------------- ##

ac_cv_build=x86_64-unknown-linux-gnu
ac_cv_c_compiler_gnu=yes
ac_cv_env_CC_set=
ac_cv_env_CC_value=
ac_cv_env_CFLAGS_set=
ac_cv_env_CFLAGS_value=
ac_cv_env_CPPFLAGS_set=
ac_cv_env_CPPFLAGS_value=
ac_cv_env_CPP_set=
ac_cv_env_CPP_value=
ac_cv_env_FCFLAGS_set=
ac_cv_env_FCFLAGS_value=
ac_cv_env_FC_set=
ac_cv_env_FC_value=
ac_cv_env_LDFLAGS_set=
ac_cv_env_LDFLAGS_value=
ac_cv_env_LIBS_set=
ac_cv_env_LIBS_value=
ac_cv_env_MPI_INC_set=set
ac_cv_env_MPI_INC_value=-I/opt/mpich-3.2/include
ac_cv_env_MPI_LIB_set=set
ac_cv_env_MPI_LIB_value='-L/opt/mpich-3.2/lib -lmpich'
ac_cv_env_NETCDF_INC_set=set
ac_cv_env_NETCDF_INC_value=/opt/netcdf-4.4.1/include
ac_cv_env_NETCDF_LIB_set=set
ac_cv_env_NETCDF_LIB_value=/opt/netcdf-4.4.1/lib
ac_cv_env_build_alias_set=
ac_cv_env_build_alias_value=
ac_cv_env_host_alias_set=
ac_cv_env_host_alias_value=
ac_cv_env_target_alias_set=
ac_cv_env_target_alias_value=
ac_cv_fc_compiler_gnu=no
ac_cv_header_dlfcn_h=yes
ac_cv_header_inttypes_h=yes
ac_cv_header_memory_h=yes
ac_cv_header_stdc=yes
ac_cv_header_stdint_h=yes
ac_cv_header_stdlib_h=yes
ac_cv_header_string_h=yes
ac_cv_header_strings_h=yes
ac_cv_header_sys_stat_h=yes
ac_cv_header_sys_types_h=yes
ac_cv_header_unistd_h=yes
ac_cv_host=x86_64-unknown-linux-gnu
ac_cv_objext=o
ac_cv_path_EGREP='/usr/bin/grep -E'
ac_cv_path_FGREP='/usr/bin/grep -F'
ac_cv_path_GREP=/usr/bin/grep
ac_cv_path_SED=/usr/bin/sed
ac_cv_path_install='/usr/bin/install -c'
ac_cv_path_mkdir=/usr/bin/mkdir
ac_cv_prog_AWK=gawk
ac_cv_prog_CPP='gcc -E'
ac_cv_prog_ac_ct_AR=ar
ac_cv_prog_ac_ct_CC=gcc
ac_cv_prog_ac_ct_FC=ifort
ac_cv_prog_ac_ct_OBJDUMP=objdump
ac_cv_prog_ac_ct_RANLIB=ranlib
ac_cv_prog_ac_ct_STRIP=strip
ac_cv_prog_cc_c89=
ac_cv_prog_cc_g=yes
ac_cv_prog_fc_g=yes
ac_cv_prog_make_make_set=yes
am_cv_CC_dependencies_compiler_type=none
am_cv_make_support_nested_variables=yes
am_cv_prog_cc_c_o=yes
lt_cv_ar_at_file=@
lt_cv_archive_cmds_need_lc=no
lt_cv_deplibs_check_method=pass_all
lt_cv_file_magic_cmd='$MAGIC_CMD'
lt_cv_file_magic_test_file=
lt_cv_ld_reload_flag=-r
lt_cv_nm_interface='BSD nm'
lt_cv_objdir=.libs
lt_cv_path_LD=/usr/bin/ld
lt_cv_path_NM='/usr/bin/nm -B'
lt_cv_path_mainfest_tool=no
lt_cv_prog_compiler_c_o=yes
lt_cv_prog_compiler_c_o_FC=yes
lt_cv_prog_compiler_pic='-fPIC -DPIC'
lt_cv_prog_compiler_pic_FC=-fPIC
lt_cv_prog_compiler_pic_works=yes
lt_cv_prog_compiler_pic_works_FC=yes
lt_cv_prog_compiler_rtti_exceptions=no
lt_cv_prog_compiler_static_works=no
lt_cv_prog_compiler_static_works_FC=no
lt_cv_prog_gnu_ld=yes
lt_cv_sharedlib_from_linklib_cmd='printf %s\n'
lt_cv_shlibpath_overrides_runpath=no
lt_cv_sys_global_symbol_pipe='sed -n -e '\''s/^.*[	 ]\([ABCDGIRSTW][ABCDGIRSTW]*\)[	 ][	 ]*\([_A-Za-z][_A-Za-z0-9]*\)$/\1 \2 \2/p'\'' | sed '\''/ __gnu_lto/d'\'''
lt_cv_sys_global_symbol_to_c_name_address='sed -n -e '\''s/^: \([^ ]*\)[ ]*$/  {\"\1\", (void *) 0},/p'\'' -e '\''s/^[ABCDGIRSTW]* \([^ ]*\) \([^ ]*\)$/  {"\2", (void *) \&\2},/p'\'''
lt_cv_sys_global_symbol_to_c_name_address_lib_prefix='sed -n -e '\''s/^: \([^ ]*\)[ ]*$/  {\"\1\", (void *) 0},/p'\'' -e '\''s/^[ABCDGIRSTW]* \([^ ]*\) \(lib[^ ]*\)$/  {"\2", (void *) \&\2},/p'\'' -e '\''s/^[ABCDGIRSTW]* \([^ ]*\) \([^ ]*\)$/  {"lib\2", (void *) \&\2},/p'\'''
lt_cv_sys_global_symbol_to_cdecl='sed -n -e '\''s/^T .* \(.*\)$/extern int \1();/p'\'' -e '\''s/^[ABCDGIRSTW]* .* \(.*\)$/extern char \1;/p'\'''
lt_cv_sys_max_cmd_len=3458764513820540925
lt_cv_to_host_file_cmd=func_convert_file_noop
lt_cv_to_tool_file_cmd=func_convert_file_noop

## ----------------- ##
## Output variables. ##
## ----------------- ##

ACLOCAL='${SHELL} /home/nmolem/CROCO-NH/NHMG/confdb/missing aclocal-1.14'
AMDEPBACKSLASH='\'
AMDEP_FALSE='#'
AMDEP_TRUE=''
AMTAR='$${TAR-tar}'
AM_BACKSLASH='\'
AM_DEFAULT_V='$(AM_DEFAULT_VERBOSITY)'
AM_DEFAULT_VERBOSITY='1'
AM_V='$(V)'
AR='ar'
AUTOCONF='${SHELL} /home/nmolem/CROCO-NH/NHMG/confdb/missing autoconf'
AUTOHEADER='${SHELL} /home/nmolem/CROCO-NH/NHMG/confdb/missing autoheader'
AUTOMAKE='${SHELL} /home/nmolem/CROCO-NH/NHMG/confdb/missing automake-1.14'
AWK='gawk'
CC='gcc'
CCDEPMODE='depmode=none'
CFLAGS='-g -O2'
CPP='gcc -E'
CPPFLAGS=''
CYGPATH_W='echo'
DEFS='-DPACKAGE_NAME=\"NHMG\" -DPACKAGE_TARNAME=\"NHMG\" -DPACKAGE_VERSION=\"0.2.2\" -DPACKAGE_STRING=\"NHMG\ 0.2.2\" -DPACKAGE_BUGREPORT=\"nmolem@atmos.ucla.edu,\ Guillaume.Roullet@univ-brest.fr,\ Nicolas.Ducousso@univ-brest.fr,\ Nicolas.Grima@univ-brest.fr\ \" -DPACKAGE_URL=\"https://github.com/ngrigri/NHMG\" -DPACKAGE=\"NHMG\" -DVERSION=\"0.2.2\" -DSTDC_HEADERS=1 -DHAVE_SYS_TYPES_H=1 -DHAVE_SYS_STAT_H=1 -DHAVE_STDLIB_H=1 -DHAVE_STRING_H=1 -DHAVE_MEMORY_H=1 -DHAVE_STRINGS_H=1 -DHAVE_INTTYPES_H=1 -DHAVE_STDINT_H=1 -DHAVE_UNISTD_H=1 -DHAVE_DLFCN_H=1 -DLT_OBJDIR=\".libs/\"'
DEPDIR='.deps'
DLLTOOL='false'
DSYMUTIL=''
DUMPBIN=''
ECHO_C=''
ECHO_N='-n'
ECHO_T=''
EGREP='/usr/bin/grep -E'
EXEEXT=''
F77='ifort'
FC='mpif90'
FCFLAGS='-g -O2 -xHost -I/opt/mpich-3.2/include -I/opt/netcdf-4.4.1/include'
FCFLAGS_f90=''
FGREP='/usr/bin/grep -F'
GREP='/usr/bin/grep'
INSTALL_DATA='${INSTALL} -m 644'
INSTALL_PROGRAM='${INSTALL}'
INSTALL_SCRIPT='${INSTALL}'
INSTALL_STRIP_PROGRAM='$(install_sh) -c -s'
LD='/usr/bin/ld -m elf_x86_64'
LDFLAGS=' -xHost'
LIBOBJS=''
LIBS=''
LIBTOOL='$(SHELL) $(top_builddir)/libtool'
LIPO=''
LN_S='ln -s'
LTLIBOBJS=''
MAKEINFO='${SHELL} /home/nmolem/CROCO-NH/NHMG/confdb/missing makeinfo'
MANIFEST_TOOL=':'
MKDIR_P='/usr/bin/mkdir -p'
MPI_INC='-I/opt/mpich-3.2/include'
MPI_LIB='-L/opt/mpich-3.2/lib -lmpich'
NETCDF_CMP_FALSE='#'
NETCDF_CMP_TRUE=''
NETCDF_INC='-I/opt/netcdf-4.4.1/include'
NETCDF_LIB='-L/opt/netcdf-4.4.1/lib -lnetcdff -lnetcdf -lnetcdf'
NHMG_TESTS_FALSE=''
NHMG_TESTS_TRUE='#'
NM='/usr/bin/nm -B'
NMEDIT=''
OBJDUMP='objdump'
OBJEXT='o'
OTOOL64=''
OTOOL=''
PACKAGE='NHMG'
PACKAGE_BUGREPORT='nmolem@atmos.ucla.edu, Guillaume.Roullet@univ-brest.fr, Nicolas.Ducousso@univ-brest.fr, Nicolas.Grima@univ-brest.fr '
PACKAGE_NAME='NHMG'
PACKAGE_STRING='NHMG 0.2.2'
PACKAGE_TARNAME='NHMG'
PACKAGE_URL='https://github.com/ngrigri/NHMG'
PACKAGE_VERSION='0.2.2'
PATH_SEPARATOR=':'
RANLIB='ranlib'
SED='/usr/bin/sed'
SET_MAKE=''
SHELL='/bin/sh'
STRIP='strip'
TESTLIBS=' -L/opt/netcdf-4.4.1/lib -lnetcdff -lnetcdf -lnetcdf'
VERSION='0.2.2'
ac_ct_AR='ar'
ac_ct_CC='gcc'
ac_ct_DUMPBIN=''
ac_ct_FC='ifort'
am__EXEEXT_FALSE=''
am__EXEEXT_TRUE='#'
am__fastdepCC_FALSE=''
am__fastdepCC_TRUE='#'
am__include='include'
am__isrc=''
am__leading_dot='.'
am__nodep='_no'
am__quote=''
am__tar='$${TAR-tar} chof - "$$tardir"'
am__untar='$${TAR-tar} xf -'
bindir='${exec_prefix}/bin'
build='x86_64-unknown-linux-gnu'
build_alias=''
build_cpu='x86_64'
build_os='linux-gnu'
build_vendor='unknown'
datadir='${datarootdir}'
datarootdir='${prefix}/share'
docdir='${datarootdir}/doc/${PACKAGE_TARNAME}'
dvidir='${docdir}'
exec_prefix='${prefix}'
host='x86_64-unknown-linux-gnu'
host_alias=''
host_cpu='x86_64'
host_os='linux-gnu'
host_vendor='unknown'
htmldir='${docdir}'
includedir='${prefix}/include'
infodir='${datarootdir}/info'
install_sh='${SHELL} /home/nmolem/CROCO-NH/NHMG/confdb/install-sh'
libdir='${exec_prefix}/lib'
libexecdir='${exec_prefix}/libexec'
localedir='${datarootdir}/locale'
localstatedir='${prefix}/var'
mandir='${datarootdir}/man'
mkdir_p='$(MKDIR_P)'
oldincludedir='/usr/include'
pdfdir='${docdir}'
prefix='/home/nmolem/CROCO-NH'
program_transform_name='s,x,x,'
psdir='${docdir}'
sbindir='${exec_prefix}/sbin'
sharedstatedir='${prefix}/com'
sysconfdir='${prefix}/etc'
target_alias=''

## ----------- ##
## confdefs.h. ##
## ----------- ##

/* confdefs.h */
#define PACKAGE_NAME "NHMG"
#define PACKAGE_TARNAME "NHMG"
#define PACKAGE_VERSION "0.2.2"
#define PACKAGE_STRING "NHMG 0.2.2"
#define PACKAGE_BUGREPORT "nmolem@atmos.ucla.edu, Guillaume.Roullet@univ-brest.fr, Nicolas.Ducousso@univ-brest.fr, Nicolas.Grima@univ-brest.fr "
#define PACKAGE_URL "https://github.com/ngrigri/NHMG"
#define PACKAGE "NHMG"
#define VERSION "0.2.2"
#define STDC_HEADERS 1
#define HAVE_SYS_TYPES_H 1
#define HAVE_SYS_STAT_H 1
#define HAVE_STDLIB_H 1
#define HAVE_STRING_H 1
#define HAVE_MEMORY_H 1
#define HAVE_STRINGS_H 1
#define HAVE_INTTYPES_H 1
#define HAVE_STDINT_H 1
#define HAVE_UNISTD_H 1
#define HAVE_DLFCN_H 1
#define LT_OBJDIR ".libs/"

configure: exit 0
