                          Total         1         2         3         4
 croco_swap corrector 0.913E+01 0.913E+01 0.000E+00 0.000E+00 0.000E+00
                            201       201         0         0         0
           nhmg_solve 0.867E+01 0.867E+01 0.000E+00 0.000E+00 0.000E+00
                            203       203         0         0         0
                solve 0.807E+01 0.807E+01 0.000E+00 0.000E+00 0.000E+00
                            203       203         0         0         0
               Fcycle 0.729E+01 0.729E+01 0.000E+00 0.000E+00 0.000E+00
                            612       612         0         0         0
        relax_3D_8_RB 0.591E+01 0.255E+01 0.948E+00 0.690E+00 0.173E+01
                           9792      1224      2448      3672      2448
        nhmg_matrices 0.177E+01 0.177E+01 0.000E+00 0.000E+00 0.000E+00
                            202       202         0         0         0
   croco_pre_step3d_2 0.477E+00 0.477E+00 0.000E+00 0.000E+00 0.000E+00
                            201       201         0         0         0
         fill_halo_4D 0.305E+00 0.174E+00 0.110E+00 0.204E-01 0.651E-03
                            808       202       202       202       202
   croco_pre_step3D_1 0.189E+00 0.189E+00 0.000E+00 0.000E+00 0.000E+00
                            201       201         0         0         0
   croco_step3d_uv2_1 0.941E-01 0.941E-01 0.000E+00 0.000E+00 0.000E+00
                           6432      6432         0         0         0
       fine2coarse_3D 0.274E-01 0.189E-01 0.462E-02 0.397E-02 0.000E+00
                           5508      1224      1836      2448         0
     croco_w3dbc_tile 0.108E-01 0.108E-01 0.000E+00 0.000E+00 0.000E+00
                            201       201         0         0         0
            nhmg_init 0.273E-02 0.273E-02 0.000E+00 0.000E+00 0.000E+00
                              1         1         0         0         0
 croco_exchange_w3d_t 0.000E+00 0.000E+00 0.000E+00 0.000E+00 0.000E+00
                              0         0         0         0         0
